<?xml version="1.0" encoding="UTF-8"?>
<!-- Generated by org.testng.reporters.JUnitXMLReporter -->
<testsuite ignored="3" hostname="LAPTOP-LDTPQ8CD" failures="0" tests="1" name="Default test" time="7.893" errors="0" timestamp="2022-09-03T23:49:22 IST">
  <testcase classname="testcases.LoginTest" name="LoginSucessTest" time="4.213"/>
  <testcase classname="testcases.LoginTest" name="ParameterizedTest" time="0.0">
    <ignored/>
  </testcase> <!-- ParameterizedTest -->
  <testcase classname="testcases.LoginTest" name="LoginFailiureTest" time="0.0">
    <ignored/>
  </testcase> <!-- LoginFailiureTest -->
  <testcase classname="testcases.LoginTest" name="ExternalDataTest" time="0.0">
    <ignored/>
  </testcase> <!-- ExternalDataTest -->
</testsuite> <!-- Default test -->
